<?xml version="1.0" encoding="UTF-8"?>
<testng-results skipped="0" failed="0" ignored="0" total="1" passed="1">
  <reporter-output>
  </reporter-output>
  <suite name="Default suite" duration-ms="2891" started-at="2022-11-13T20:25:33 CST" finished-at="2022-11-13T20:25:36 CST">
    <groups>
    </groups>
    <test name="Default test" duration-ms="2891" started-at="2022-11-13T20:25:33 CST" finished-at="2022-11-13T20:25:36 CST">
      <class name="testCases.ReadOneProduct">
        <test-method status="PASS" signature="readOneProduct()[pri:0, instance:testCases.ReadOneProduct@52feb982]" name="readOneProduct" duration-ms="2827" started-at="2022-11-13T20:25:33 CST" finished-at="2022-11-13T20:25:36 CST">
          <reporter-output>
          </reporter-output>
        </test-method> <!-- readOneProduct -->
      </class> <!-- testCases.ReadOneProduct -->
    </test> <!-- Default test -->
  </suite> <!-- Default suite -->
</testng-results>
